<?xml version="1.0" encoding="UTF-8"?>
<!-- Generated by org.testng.reporters.JUnitReportReporter -->
<testsuite hostname="DESKTOP-58RE0M7" failures="0" tests="2" name="com.vyasasti.testng.basic.TestNGAnnotations" time="0.004" errors="0" timestamp="2022-11-25T08:21:11 IST" skipped="0">
  <testcase classname="com.vyasasti.testng.basic.TestNGAnnotations" name="TestMethod1" time="0.002"/>
  <system-out/>
  <testcase classname="com.vyasasti.testng.basic.TestNGAnnotations" name="TestMethod2" time="0.002"/>
  <system-out/>
</testsuite> <!-- com.vyasasti.testng.basic.TestNGAnnotations -->
